Collecting Pupper-Hardware-Interface@ git+https://github.com/stanfordroboticsclub/Pupper-V2-Interface.git@f546836263a232cf19b4889699cd0e429adda777
  Cloning https://github.com/stanfordroboticsclub/Pupper-V2-Interface.git (to revision f546836263a232cf19b4889699cd0e429adda777) to /tmp/pip-install-q6lzinrd/pupper-hardware-interface_bfa8849021c9494598b84762c409b6f5
  Resolved https://github.com/stanfordroboticsclub/Pupper-V2-Interface.git to commit f546836263a232cf19b4889699cd0e429adda777
Obtaining reacher from git+https://github.com/K0-p/rbt350.git@9055b2d563b7ce0bc00be0e760bfd42d485d02bd#egg=reacher&subdirectory=HOA3 (from -r requirements.txt (line 255))
  Cloning https://github.com/K0-p/rbt350.git (to revision 9055b2d563b7ce0bc00be0e760bfd42d485d02bd) to ./venv/src/reacher
Obtaining rllab from git+https://github.com/rll/rllab@ba78e4c16dc492982e648f117875b22af3965579#egg=rllab (from -r requirements.txt (line 266))
  Skipping because already up-to-date.
Collecting absl-py==2.0.0
  Using cached absl_py-2.0.0-py3-none-any.whl (130 kB)
Collecting aiohappyeyeballs==2.6.1
  Using cached aiohappyeyeballs-2.6.1-py3-none-any.whl (15 kB)
Collecting aiohttp==3.11.16
  Using cached aiohttp-3.11.16-cp39-cp39-manylinux_2_17_x86_64.manylinux2014_x86_64.whl (1.6 MB)
Collecting aiosignal==1.3.2
  Using cached aiosignal-1.3.2-py2.py3-none-any.whl (7.6 kB)
Collecting annotated-types==0.7.0
  Using cached annotated_types-0.7.0-py3-none-any.whl (13 kB)
Collecting anyio==4.9.0
  Using cached anyio-4.9.0-py3-none-any.whl (100 kB)
Collecting appdirs==1.4.4
  Using cached appdirs-1.4.4-py2.py3-none-any.whl (9.6 kB)
Collecting appnope==0.1.4
  Using cached appnope-0.1.4-py2.py3-none-any.whl (4.3 kB)
Collecting argon2-cffi==21.3.0
  Using cached argon2_cffi-21.3.0-py3-none-any.whl (14 kB)
Collecting argon2-cffi-bindings==21.2.0
  Using cached argon2_cffi_bindings-21.2.0-cp36-abi3-manylinux_2_17_x86_64.manylinux2014_x86_64.whl (86 kB)
Collecting arrow==1.2.3
  Using cached arrow-1.2.3-py3-none-any.whl (66 kB)
Collecting arspb==0.6
  Using cached arspb-0.6.tar.gz (697 kB)
Collecting astroML==1.0.2.post1
  Using cached astroML-1.0.2.post1-py3-none-any.whl (134 kB)
Collecting astropy==5.3
  Using cached astropy-5.3-cp39-cp39-manylinux_2_5_x86_64.manylinux1_x86_64.manylinux_2_12_x86_64.manylinux2010_x86_64.whl (10.1 MB)
Collecting asttokens==3.0.0
  Using cached asttokens-3.0.0-py3-none-any.whl (26 kB)
Collecting astunparse==1.6.3
  Using cached astunparse-1.6.3-py2.py3-none-any.whl (12 kB)
Collecting async-timeout==4.0.3
  Using cached async_timeout-4.0.3-py3-none-any.whl (5.7 kB)
Collecting attrs==25.3.0
  Using cached attrs-25.3.0-py3-none-any.whl (63 kB)
Collecting backcall==0.2.0
  Using cached backcall-0.2.0-py2.py3-none-any.whl (11 kB)
Collecting banks==2.1.1
  Using cached banks-2.1.1-py3-none-any.whl (28 kB)
Collecting beautifulsoup4==4.12.3
  Using cached beautifulsoup4-4.12.3-py3-none-any.whl (147 kB)
Collecting bleach==6.0.0
  Using cached bleach-6.0.0-py3-none-any.whl (162 kB)
Collecting blinker==1.7.0
  Using cached blinker-1.7.0-py3-none-any.whl (13 kB)
============================================================================
CHAIR AE TRAINING JOB
============================================================================
Job started at: Fri Dec  5 00:12:27 CST 2025
Job ID: 2789486
Running on node: c317-005.ls6.tacc.utexas.edu
CUDA Version: nvcc: NVIDIA (R) Cuda compiler driver
Copyright (c) 2005-2025 NVIDIA Corporation
Built on Wed_Jan_15_19:20:09_PST_2025
Cuda compilation tools, release 12.8, V12.8.61
Build cuda_12.8.r12.8/compiler.35404655_0
PyTorch sees GPU: 
